Base path: C:/Program Files/Unity/Editor/Data
Pipe name: \\.\pipe\UnityShaderCompiler-64bit-1-4608
Cmd: getPlatforms
Cmd: preprocess
  insize=9195 outsize=2321 ok=1
Cmd: compileSnippet
  api=4 type=0 insize=6522 outsize=1006 kw= pd= ok=1
Cmd: compileSnippet
  api=4 type=1 insize=6522 outsize=1899 kw= pd= ok=1
Cmd: compileSnippet
  api=4 type=0 insize=6517 outsize=1006 kw= pd= ok=1
Cmd: compileSnippet
  api=4 type=1 insize=6517 outsize=3565 kw= pd= ok=1
Cmd: compileSnippet
  api=4 type=0 insize=6517 outsize=1006 kw= pd= ok=1
Cmd: compileSnippet
  api=4 type=1 insize=6517 outsize=1485 kw= pd= ok=1
Cmd: compileSnippet
  api=4 type=0 insize=6517 outsize=1006 kw= pd= ok=1
Cmd: compileSnippet
  api=4 type=1 insize=6517 outsize=1485 kw= pd= ok=1
Cmd: compileSnippet
  api=4 type=0 insize=6519 outsize=1006 kw= pd= ok=1
Cmd: compileSnippet
  api=4 type=1 insize=6519 outsize=1810 kw= pd= ok=1
Cmd: compileSnippet
  api=4 type=0 insize=6519 outsize=1006 kw= pd= ok=1
Cmd: compileSnippet
  api=4 type=1 insize=6519 outsize=1485 kw= pd= ok=1
Cmd: compileSnippet
  api=4 type=0 insize=6528 outsize=1006 kw= pd= ok=1
Cmd: compileSnippet
  api=4 type=1 insize=6528 outsize=1444 kw= pd= ok=1
Cmd: compileSnippet
  api=4 type=0 insize=6533 outsize=1006 kw= pd= ok=1
Cmd: compileSnippet
  api=4 type=1 insize=6533 outsize=1363 kw= pd= ok=1
Cmd: compileSnippet
  api=4 type=0 insize=6526 outsize=1006 kw= pd= ok=1
Cmd: compileSnippet
  api=4 type=1 insize=6526 outsize=868 kw= pd= ok=1
Cmd: compileSnippet
  api=4 type=0 insize=6524 outsize=1006 kw= pd= ok=1
Cmd: compileSnippet
  api=4 type=1 insize=6524 outsize=1526 kw= pd= ok=1
Cmd: compileSnippet
  api=4 type=0 insize=6531 outsize=1006 kw= pd= ok=1
Cmd: compileSnippet
  api=4 type=1 insize=6531 outsize=1948 kw= pd= ok=1
Cmd: preprocess
  insize=11276 outsize=717 ok=1
Cmd: compileSnippet
  api=4 type=0 insize=10591 outsize=1006 kw= pd= ok=1
Cmd: compileSnippet
  api=4 type=1 insize=10591 outsize=1688 kw= pd= ok=1
Cmd: compileSnippet
  api=4 type=0 insize=10613 outsize=1006 kw= pd= ok=1
Cmd: compileSnippet
  api=4 type=1 insize=10613 outsize=9285 kw= pd= ok=1
Cmd: compileSnippet
  api=4 type=0 insize=10612 outsize=1006 kw= pd= ok=1
Cmd: compileSnippet
  api=4 type=1 insize=10612 outsize=9301 kw= pd= ok=1
Cmd: preprocess
  insize=1209 outsize=458 ok=1
Cmd: compileSnippet
  api=4 type=0 insize=997 outsize=1006 kw= pd= ok=1
Cmd: compileSnippet
  api=4 type=1 insize=997 outsize=859 kw= pd= ok=1
Cmd: compileSnippet
  api=4 type=0 insize=996 outsize=1006 kw= pd= ok=1
Cmd: compileSnippet
  api=4 type=1 insize=996 outsize=859 kw= pd= ok=1
Cmd: preprocess
  insize=8652 outsize=772 ok=1
Cmd: compileSnippet
  api=4 type=0 insize=8118 outsize=1924 kw= pd= ok=1
Cmd: compileSnippet
  api=4 type=1 insize=8118 outsize=3110 kw= pd= ok=1
Cmd: compileSnippet
  api=4 type=0 insize=8122 outsize=2013 kw= pd= ok=1
Cmd: compileSnippet
  api=4 type=1 insize=8122 outsize=3313 kw= pd= ok=1
Cmd: compileSnippet
  api=4 type=0 insize=8142 outsize=1355 kw= pd= ok=1
Cmd: compileSnippet
  api=4 type=1 insize=8142 outsize=4979 kw= pd= ok=1
Cmd: compileSnippet
  api=4 type=0 insize=8137 outsize=1355 kw= pd= ok=1
Cmd: compileSnippet
  api=4 type=1 insize=8137 outsize=5239 kw= pd= ok=1
Cmd: preprocess
  insize=1685 outsize=352 ok=1
Cmd: compileSnippet
  api=4 type=0 insize=1635 outsize=1363 kw= pd= ok=1
Cmd: compileSnippet
  api=4 type=1 insize=1635 outsize=1981 kw= pd= ok=1
Cmd: preprocess
  insize=919 outsize=355 ok=1
Cmd: compileSnippet
  api=4 type=0 insize=869 outsize=1006 kw= pd= ok=1
Cmd: compileSnippet
  api=4 type=1 insize=869 outsize=1241 kw= pd= ok=1
Cmd: preprocess
  insize=1006 outsize=316 ok=1
Cmd: compileSnippet
  api=4 type=0 insize=995 outsize=1006 kw= pd= ok=1
Cmd: compileSnippet
  api=4 type=1 insize=995 outsize=973 kw= pd= ok=1
Cmd: preprocess
  insize=1989 outsize=486 ok=1
Cmd: compileSnippet
  api=4 type=0 insize=1805 outsize=1006 kw= pd= ok=1
Cmd: compileSnippet
  api=4 type=1 insize=1805 outsize=1704 kw= pd= ok=1
Cmd: preprocess
  insize=1291 outsize=412 ok=1
Cmd: compileSnippet
  api=4 type=0 insize=1184 outsize=1355 kw= pd= ok=1
Cmd: compileSnippet
  api=4 type=1 insize=1184 outsize=1542 kw= pd= ok=1
Cmd: preprocess
  insize=3562 outsize=711 ok=1
Cmd: compileSnippet
  api=4 type=0 insize=3087 outsize=1006 kw= pd= ok=1
Cmd: compileSnippet
  api=4 type=1 insize=3087 outsize=1355 kw= pd= ok=1
Cmd: compileSnippet
  api=4 type=0 insize=3085 outsize=1006 kw= pd= ok=1
Cmd: compileSnippet
  api=4 type=1 insize=3085 outsize=1225 kw= pd= ok=1
Cmd: compileSnippet
  api=4 type=0 insize=3130 outsize=1006 kw= pd= ok=1
Cmd: compileSnippet
  api=4 type=1 insize=3130 outsize=3321 kw= pd= ok=1
Cmd: preprocess
  insize=1183 outsize=296 ok=1
Cmd: compileSnippet
  api=4 type=0 insize=1189 outsize=1396 kw= pd= ok=1
Cmd: compileSnippet
  api=4 type=1 insize=1189 outsize=1388 kw= pd= ok=1
Cmd: preprocess
  insize=1235 outsize=409 ok=1
Cmd: compileSnippet
  api=4 type=0 insize=1131 outsize=1006 kw= pd= ok=1
Cmd: compileSnippet
  api=4 type=1 insize=1131 outsize=1973 kw= pd= ok=1
Cmd: preprocess
  error: 2 plat 18 at (40): Can't find include file frag_ao.cginc
  error: 2 plat 18 at (43): Can't find include file frag_ao.cginc
  error: 2 plat 18 at (46): Can't find include file frag_ao.cginc
  error: 2 plat 18 at (49): Can't find include file frag_ao.cginc
  error: 2 plat 18 at (53): Can't find include file frag_ao.cginc
  insize=6551 outsize=798 ok=0
Cmd: preprocess
  insize=1173 outsize=314 ok=1
Cmd: compileSnippet
  api=4 type=0 insize=1164 outsize=1753 kw= pd= ok=1
Cmd: compileSnippet
  api=4 type=1 insize=1164 outsize=1412 kw= pd= ok=1
Cmd: preprocess
  insize=2636 outsize=773 ok=1
Cmd: compileSnippet
  api=4 type=0 insize=1965 outsize=1355 kw= pd= ok=1
Cmd: compileSnippet
  api=4 type=1 insize=1965 outsize=1217 kw= pd= ok=1
Cmd: compileSnippet
  api=4 type=0 insize=1962 outsize=1355 kw= pd= ok=1
Cmd: compileSnippet
  api=4 type=1 insize=1962 outsize=949 kw= pd= ok=1
Cmd: compileSnippet
  api=4 type=0 insize=1975 outsize=1656 kw= pd= ok=1
Cmd: compileSnippet
  api=4 type=1 insize=1975 outsize=1323 kw= pd= ok=1
Cmd: compileSnippet
  api=4 type=0 insize=1974 outsize=1355 kw= pd= ok=1
Cmd: compileSnippet
  api=4 type=1 insize=1974 outsize=868 kw= pd= ok=1
Cmd: preprocess
  insize=968 outsize=305 ok=1
Cmd: compileSnippet
  api=4 type=0 insize=968 outsize=1006 kw= pd= ok=1
Cmd: compileSnippet
  api=4 type=1 insize=968 outsize=1006 kw= pd= ok=1
Cmd: preprocess
  insize=1377 outsize=384 ok=1
Cmd: compileSnippet
  api=4 type=0 insize=1295 outsize=1469 kw= pd= ok=1
Cmd: compileSnippet
  api=4 type=1 insize=1295 outsize=1453 kw= pd= ok=1
Cmd: preprocess
  insize=1420 outsize=347 ok=1
Cmd: compileSnippet
  api=4 type=0 insize=1379 outsize=1802 kw= pd= ok=1
Cmd: compileSnippet
  api=4 type=1 insize=1379 outsize=1347 kw= pd= ok=1
Cmd: preprocess
  insize=1709 outsize=728 ok=1
Cmd: compileSnippet
  api=4 type=0 insize=1287 outsize=1843 kw= pd= ok=1
Cmd: compileSnippet
  api=4 type=1 insize=1287 outsize=1371 kw= pd= ok=1
Cmd: preprocess
  insize=1403 outsize=346 ok=1
Cmd: compileSnippet
  api=4 type=0 insize=1359 outsize=1363 kw= pd= ok=1
Cmd: compileSnippet
  api=4 type=1 insize=1359 outsize=1518 kw= pd= ok=1
Cmd: preprocess
  insize=1268 outsize=329 ok=1
Cmd: compileSnippet
  api=4 type=0 insize=1244 outsize=1314 kw= pd= ok=1
Cmd: compileSnippet
  api=4 type=1 insize=1244 outsize=1444 kw= pd= ok=1
Cmd: preprocess
  insize=2306 outsize=643 ok=1
Cmd: compileSnippet
  api=4 type=0 insize=1968 outsize=1444 kw= pd= ok=1
Cmd: compileSnippet
  api=4 type=1 insize=1968 outsize=3224 kw= pd= ok=1
Cmd: preprocess
  insize=965 outsize=271 ok=1
Cmd: compileSnippet
  api=4 type=0 insize=994 outsize=1071 kw= pd= ok=1
Cmd: compileSnippet
  api=4 type=1 insize=994 outsize=1233 kw= pd= ok=1
Cmd: preprocess
  insize=790 outsize=320 ok=1
Cmd: compileSnippet
  api=4 type=0 insize=772 outsize=1006 kw= pd= ok=1
Cmd: compileSnippet
  api=4 type=1 insize=772 outsize=1119 kw= pd= ok=1
Cmd: preprocess
  insize=32636 outsize=273 ok=1
Cmd: compileSnippet
  api=4 type=0 insize=32665 outsize=1006 kw= pd= ok=1
Cmd: compileSnippet
  api=4 type=1 insize=32665 outsize=10764 kw= pd= ok=1
Cmd: preprocess
  insize=1216 outsize=260 ok=1
Cmd: compileSnippet
  api=4 type=0 insize=1258 outsize=1274 kw= pd= ok=1
Cmd: compileSnippet
  api=4 type=1 insize=1258 outsize=1453 kw= pd= ok=1
Cmd: preprocess
  insize=3601 outsize=704 ok=1
Cmd: compileSnippet
  api=4 type=0 insize=2929 outsize=1859 kw= pd= ok=1
Cmd: compileSnippet
  api=4 type=1 insize=2929 outsize=2314 kw= pd= ok=1
Cmd: compileSnippet
  api=4 type=0 insize=2920 outsize=1859 kw= pd= ok=1
Cmd: compileSnippet
  api=4 type=1 insize=2920 outsize=1721 kw= pd= ok=1
Cmd: compileSnippet
  api=4 type=0 insize=2919 outsize=1859 kw= pd= ok=1
Cmd: compileSnippet
  api=4 type=1 insize=2919 outsize=1769 kw= pd= ok=1
Cmd: compileSnippet
  api=4 type=0 insize=2931 outsize=1859 kw= pd= ok=1
Cmd: compileSnippet
  api=4 type=1 insize=2931 outsize=2249 kw= pd= ok=1
Cmd: preprocess
  insize=1000 outsize=249 ok=1
Cmd: compileSnippet
  api=4 type=0 insize=1053 outsize=1550 kw= pd= ok=1
Cmd: compileSnippet
  api=4 type=1 insize=1053 outsize=1160 kw= pd= ok=1
Cmd: preprocess
  insize=5357 outsize=1799 ok=1
Cmd: compileSnippet
  api=4 type=0 insize=3204 outsize=1355 kw= pd= ok=1
Cmd: compileSnippet
  api=4 type=1 insize=3204 outsize=1176 kw= pd= ok=1
Cmd: compileSnippet
  api=4 type=0 insize=3201 outsize=1355 kw= pd= ok=1
Cmd: compileSnippet
  api=4 type=1 insize=3201 outsize=949 kw= pd= ok=1
Cmd: compileSnippet
  api=4 type=0 insize=3217 outsize=1769 kw= pd= ok=1
Cmd: compileSnippet
  api=4 type=1 insize=3217 outsize=1444 kw= pd= ok=1
Cmd: compileSnippet
  api=4 type=0 insize=3209 outsize=1355 kw= pd= ok=1
Cmd: compileSnippet
  api=4 type=1 insize=3209 outsize=868 kw= pd= ok=1
Cmd: compileSnippet
  api=4 type=0 insize=3209 outsize=1355 kw= pd= ok=1
Cmd: compileSnippet
  api=4 type=1 insize=3209 outsize=1176 kw= pd= ok=1
Cmd: compileSnippet
  api=4 type=0 insize=3206 outsize=1355 kw= pd= ok=1
Cmd: compileSnippet
  api=4 type=1 insize=3206 outsize=949 kw= pd= ok=1
Cmd: compileSnippet
  api=4 type=0 insize=3218 outsize=1769 kw= pd= ok=1
Cmd: compileSnippet
  api=4 type=1 insize=3218 outsize=1371 kw= pd= ok=1
Cmd: compileSnippet
  api=4 type=0 insize=3211 outsize=1355 kw= pd= ok=1
Cmd: compileSnippet
  api=4 type=1 insize=3211 outsize=786 kw= pd= ok=1
Cmd: compileSnippet
  api=4 type=0 insize=3203 outsize=1355 kw= pd= ok=1
Cmd: compileSnippet
  api=4 type=1 insize=3203 outsize=575 kw= pd= ok=1
Cmd: compileSnippet
  api=4 type=0 insize=3207 outsize=1355 kw= pd= ok=1
Cmd: compileSnippet
  api=4 type=1 insize=3207 outsize=778 kw= pd= ok=1
Cmd: compileSnippet
  api=4 type=0 insize=3202 outsize=1355 kw= pd= ok=1
Cmd: compileSnippet
  api=4 type=1 insize=3202 outsize=664 kw= pd= ok=1
Cmd: preprocess
  insize=11420 outsize=1917 ok=1
Cmd: compileSnippet
  api=4 type=0 insize=8895 outsize=1006 kw= pd= ok=1
Cmd: compileSnippet
  api=4 type=1 insize=8895 outsize=2168 kw= pd= ok=1
Cmd: compileSnippet
  api=4 type=0 insize=8886 outsize=1006 kw= pd= ok=1
Cmd: compileSnippet
  api=4 type=1 insize=8886 outsize=859 kw= pd= ok=1
Cmd: compileSnippet
  api=4 type=0 insize=8894 outsize=1006 kw= pd= ok=1
Cmd: compileSnippet
  error: 1 plat 4 at (137): integer divides may be much slower, try using uints if possible.\nCompiling Fragment program
  api=4 type=1 insize=8894 outsize=2476 kw= pd= ok=1
Cmd: compileSnippet
  api=4 type=0 insize=8899 outsize=1006 kw= pd= ok=1
Cmd: compileSnippet
  api=4 type=1 insize=8899 outsize=3687 kw= pd= ok=1
Cmd: compileSnippet
  api=4 type=0 insize=8909 outsize=1006 kw= pd= ok=1
Cmd: compileSnippet
  api=4 type=1 insize=8909 outsize=5986 kw= pd= ok=1
Cmd: compileSnippet
  api=4 type=0 insize=8897 outsize=1006 kw= pd= ok=1
Cmd: compileSnippet
  api=4 type=1 insize=8897 outsize=1631 kw= pd= ok=1
Cmd: compileSnippet
  api=4 type=0 insize=8903 outsize=1006 kw= pd= ok=1
Cmd: compileSnippet
  api=4 type=1 insize=8903 outsize=3029 kw= pd= ok=1
Cmd: preprocess
  insize=1038 outsize=358 ok=1
Cmd: compileSnippet
  api=4 type=0 insize=985 outsize=1006 kw= pd= ok=1
Cmd: compileSnippet
  api=4 type=1 insize=985 outsize=1054 kw= pd= ok=1
Cmd: preprocess
  insize=6289 outsize=752 ok=1
Cmd: compileSnippet
  api=4 type=0 insize=5327 outsize=1875 kw= pd= ok=1
Cmd: compileSnippet
  api=4 type=1 insize=5327 outsize=4394 kw= pd= ok=1
Cmd: compileSnippet
  api=4 type=0 insize=5335 outsize=1875 kw= pd= ok=1
Cmd: compileSnippet
  api=4 type=1 insize=5335 outsize=3508 kw= pd= ok=1
Cmd: compileSnippet
  api=4 type=0 insize=5329 outsize=1875 kw= pd= ok=1
Cmd: compileSnippet
  api=4 type=1 insize=5329 outsize=3524 kw= pd= ok=1
Cmd: compileSnippet
  api=4 type=0 insize=5340 outsize=1875 kw= pd= ok=1
Cmd: compileSnippet
  api=4 type=1 insize=5340 outsize=2704 kw= pd= ok=1
Cmd: compileSnippet
  api=4 type=0 insize=5335 outsize=1875 kw= pd= ok=1
Cmd: compileSnippet
  api=4 type=1 insize=5335 outsize=1924 kw= pd= ok=1
Cmd: preprocess
  insize=2832 outsize=782 ok=1
Cmd: compileSnippet
  api=4 type=0 insize=2099 outsize=1355 kw= pd= ok=1
Cmd: compileSnippet
  api=4 type=1 insize=2099 outsize=949 kw= pd= ok=1
Cmd: compileSnippet
  api=4 type=0 insize=2099 outsize=1355 kw= pd= ok=1
Cmd: compileSnippet
  api=4 type=1 insize=2099 outsize=1176 kw= pd= ok=1
Cmd: compileSnippet
  api=4 type=0 insize=2103 outsize=1355 kw= pd= ok=1
Cmd: compileSnippet
  api=4 type=1 insize=2103 outsize=989 kw= pd= ok=1
Cmd: compileSnippet
  api=4 type=0 insize=2102 outsize=1355 kw= pd= ok=1
Cmd: compileSnippet
  api=4 type=1 insize=2102 outsize=1989 kw= pd= ok=1
Cmd: compileSnippet
  api=4 type=0 insize=2105 outsize=1355 kw= pd= ok=1
Cmd: compileSnippet
  api=4 type=1 insize=2105 outsize=973 kw= pd= ok=1
Cmd: preprocess
  insize=1141 outsize=1876 ok=1
Cmd: compileSnippet
  api=4 type=0 insize=7856 outsize=3914 kw=DIRECTIONAL SHADOWS_OFF LIGHTMAP_OFF DIRLIGHTMAP_OFF DYNAMICLIGHTMAP_OFF pd= ok=1
Cmd: compileSnippet
  api=4 type=1 insize=7856 outsize=2931 kw=DIRECTIONAL SHADOWS_OFF LIGHTMAP_OFF DIRLIGHTMAP_OFF DYNAMICLIGHTMAP_OFF pd= ok=1
Cmd: compileSnippet
  api=4 type=0 insize=4521 outsize=3004 kw=POINT pd= ok=1
Cmd: compileSnippet
  api=4 type=1 insize=4521 outsize=3492 kw=POINT pd= ok=1
Cmd: compileSnippet
  api=4 type=0 insize=3545 outsize=2753 kw= pd= ok=1
Cmd: compileSnippet
  api=4 type=1 insize=3545 outsize=1136 kw= pd= ok=1
Cmd: compileSnippet
  api=4 type=0 insize=6719 outsize=4329 kw=LIGHTMAP_OFF DIRLIGHTMAP_OFF DYNAMICLIGHTMAP_OFF HDR_LIGHT_PREPASS_OFF pd= ok=1
Cmd: compileSnippet
  api=4 type=1 insize=6719 outsize=2200 kw=LIGHTMAP_OFF DIRLIGHTMAP_OFF DYNAMICLIGHTMAP_OFF HDR_LIGHT_PREPASS_OFF pd= ok=1
Cmd: compileSnippet
  api=4 type=0 insize=6711 outsize=4053 kw=LIGHTMAP_OFF DIRLIGHTMAP_OFF DYNAMICLIGHTMAP_OFF HDR_LIGHT_PREPASS_OFF pd= ok=1
Cmd: compileSnippet
  api=4 type=1 insize=6711 outsize=2208 kw=LIGHTMAP_OFF DIRLIGHTMAP_OFF DYNAMICLIGHTMAP_OFF HDR_LIGHT_PREPASS_OFF pd= ok=1
Cmd: compileSnippet
  api=4 type=0 insize=3558 outsize=2484 kw= pd= ok=1
Cmd: compileSnippet
  api=4 type=1 insize=3558 outsize=1648 kw= pd= ok=1
Cmd: preprocess
  insize=8191 outsize=1105 ok=1
Cmd: compileSnippet
  api=4 type=0 insize=6258 outsize=1314 kw= pd= ok=1
Cmd: compileSnippet
  api=4 type=1 insize=6258 outsize=1648 kw= pd= ok=1
Cmd: compileSnippet
  api=4 type=0 insize=6261 outsize=1314 kw= pd= ok=1
Cmd: compileSnippet
  api=4 type=1 insize=6261 outsize=1184 kw= pd= ok=1
Cmd: compileSnippet
  api=4 type=0 insize=6270 outsize=1574 kw= pd= ok=1
Cmd: compileSnippet
  api=4 type=1 insize=6270 outsize=2582 kw= pd= ok=1
Cmd: compileSnippet
  api=4 type=0 insize=6264 outsize=1574 kw= pd= ok=1
Cmd: compileSnippet
  api=4 type=1 insize=6264 outsize=2143 kw= pd= ok=1
Cmd: compileSnippet
  api=4 type=0 insize=6261 outsize=1314 kw= pd= ok=1
Cmd: compileSnippet
  api=4 type=1 insize=6261 outsize=1306 kw= pd= ok=1
Cmd: compileSnippet
  api=4 type=0 insize=6265 outsize=1314 kw= pd= ok=1
Cmd: compileSnippet
  api=4 type=1 insize=6265 outsize=1818 kw= pd= ok=1
Cmd: compileSnippet
  api=4 type=0 insize=6269 outsize=1574 kw= pd= ok=1
Cmd: compileSnippet
  api=4 type=1 insize=6269 outsize=2533 kw= pd= ok=1
Cmd: compileSnippet
  api=4 type=0 insize=6255 outsize=1314 kw= pd= ok=1
Cmd: compileSnippet
  api=4 type=1 insize=6255 outsize=868 kw= pd= ok=1
Cmd: preprocess
  insize=977 outsize=438 ok=1
Cmd: compileSnippet
  api=4 type=0 insize=841 outsize=1006 kw= pd= ok=1
Cmd: compileSnippet
  api=4 type=1 insize=841 outsize=794 kw= pd= ok=1
Cmd: preprocess
  insize=13814 outsize=2625 ok=1
Cmd: compileSnippet
  api=4 type=0 insize=10228 outsize=1006 kw= pd= ok=1
Cmd: compileSnippet
  api=4 type=1 insize=10228 outsize=1193 kw= pd= ok=1
Cmd: compileSnippet
  api=4 type=0 insize=10227 outsize=1006 kw= pd= ok=1
Cmd: compileSnippet
  api=4 type=1 insize=10227 outsize=1631 kw= pd= ok=1
Cmd: compileSnippet
  api=4 type=0 insize=10227 outsize=1006 kw= pd= ok=1
Cmd: compileSnippet
  api=4 type=1 insize=10227 outsize=1704 kw= pd= ok=1
Cmd: compileSnippet
  api=4 type=0 insize=10209 outsize=1006 kw= pd= ok=1
Cmd: compileSnippet
  api=4 type=1 insize=10209 outsize=1225 kw= pd= ok=1
Cmd: compileSnippet
  api=4 type=0 insize=10228 outsize=1006 kw= pd= ok=1
Cmd: compileSnippet
  api=4 type=1 insize=10228 outsize=1355 kw= pd= ok=1
Cmd: compileSnippet
  api=4 type=0 insize=10209 outsize=1006 kw= pd= ok=1
Cmd: compileSnippet
  api=4 type=1 insize=10209 outsize=1623 kw= pd= ok=1
Cmd: compileSnippet
  api=4 type=0 insize=10254 outsize=1363 kw= pd= ok=1
Cmd: compileSnippet
  api=4 type=1 insize=10254 outsize=1867 kw= pd= ok=1
Cmd: compileSnippet
  api=4 type=0 insize=10208 outsize=1006 kw= pd= ok=1
Cmd: compileSnippet
  api=4 type=1 insize=10208 outsize=526 kw= pd= ok=1
Cmd: compileSnippet
  api=4 type=0 insize=10212 outsize=1006 kw= pd= ok=1
Cmd: compileSnippet
  api=4 type=1 insize=10212 outsize=616 kw= pd= ok=1
Cmd: compileSnippet
  api=4 type=0 insize=10234 outsize=2176 kw= pd= ok=1
Cmd: compileSnippet
  api=4 type=1 insize=10234 outsize=3281 kw= pd= ok=1
Cmd: compileSnippet
  api=4 type=0 insize=10228 outsize=2176 kw= pd= ok=1
Cmd: compileSnippet
  api=4 type=1 insize=10228 outsize=3443 kw= pd= ok=1
Cmd: compileSnippet
  api=4 type=0 insize=10234 outsize=2176 kw= pd= ok=1
Cmd: compileSnippet
  api=4 type=1 insize=10234 outsize=3281 kw= pd= ok=1
Cmd: preprocess
  insize=1950 outsize=490 ok=1
Cmd: compileSnippet
  api=4 type=0 insize=1736 outsize=1006 kw= pd= ok=1
Cmd: compileSnippet
  api=4 type=1 insize=1736 outsize=1615 kw= pd= ok=1
Cmd: compileSnippet
  api=4 type=0 insize=1749 outsize=1006 kw= pd= ok=1
Cmd: compileSnippet
  api=4 type=1 insize=1749 outsize=1916 kw= pd= ok=1
Cmd: preprocess
  insize=1692 outsize=302 ok=1
Cmd: compileSnippet
  api=4 type=0 insize=1695 outsize=1753 kw= pd= ok=1
Cmd: compileSnippet
  api=4 type=1 insize=1695 outsize=2371 kw= pd= ok=1
Cmd: preprocess
  insize=27271 outsize=4693 ok=1
Cmd: compileSnippet
  api=4 type=0 insize=19248 outsize=1314 kw= pd= ok=1
Cmd: compileSnippet
  api=4 type=1 insize=19248 outsize=1436 kw= pd= ok=1
Cmd: compileSnippet
  api=4 type=0 insize=19254 outsize=2111 kw= pd= ok=1
Cmd: compileSnippet
  api=4 type=1 insize=19254 outsize=3931 kw= pd= ok=1
Cmd: compileSnippet
  api=4 type=0 insize=19257 outsize=2111 kw= pd= ok=1
Cmd: compileSnippet
  api=4 type=1 insize=19257 outsize=7587 kw= pd= ok=1
Cmd: compileSnippet
  api=4 type=0 insize=19236 outsize=1314 kw= pd= ok=1
Cmd: compileSnippet
  api=4 type=1 insize=19236 outsize=664 kw= pd= ok=1
Cmd: compileSnippet
  api=4 type=0 insize=19252 outsize=1314 kw= pd= ok=1
Cmd: compileSnippet
  api=4 type=1 insize=19252 outsize=1428 kw= pd= ok=1
Cmd: compileSnippet
  api=4 type=0 insize=19239 outsize=1314 kw= pd= ok=1
Cmd: compileSnippet
  api=4 type=1 insize=19239 outsize=2574 kw= pd= ok=1
Cmd: compileSnippet
  api=4 type=0 insize=19250 outsize=1314 kw= pd= ok=1
Cmd: compileSnippet
  api=4 type=1 insize=19250 outsize=2111 kw= pd= ok=1
Cmd: compileSnippet
  api=4 type=0 insize=19246 outsize=1314 kw= pd= ok=1
Cmd: compileSnippet
  api=4 type=1 insize=19246 outsize=843 kw= pd= ok=1
Cmd: compileSnippet
  api=4 type=0 insize=19256 outsize=1314 kw= pd= ok=1
Cmd: compileSnippet
  api=4 type=1 insize=19256 outsize=1501 kw= pd= ok=1
Cmd: compileSnippet
  api=4 type=0 insize=19249 outsize=1314 kw= pd= ok=1
Cmd: compileSnippet
  api=4 type=1 insize=19249 outsize=1233 kw= pd= ok=1
Cmd: compileSnippet
  api=4 type=0 insize=19256 outsize=1314 kw= pd= ok=1
Cmd: compileSnippet
  api=4 type=1 insize=19256 outsize=1818 kw= pd= ok=1
Cmd: compileSnippet
  api=4 type=0 insize=19244 outsize=1314 kw= pd= ok=1
Cmd: compileSnippet
  error: 1 plat 4 at (92): gradient-based operations must be moved out of flow control to prevent divergence. Performance may improve by using a non-gradient operation\nCompiling Fragment program
  error: 1 plat 4 at (168): gradient-based operations must be moved out of flow control to prevent divergence. Performance may improve by using a non-gradient operation\nCompiling Fragment program
  api=4 type=1 insize=19244 outsize=3102 kw= pd= ok=1
Cmd: compileSnippet
  api=4 type=0 insize=19253 outsize=1314 kw= pd= ok=1
Cmd: compileSnippet
  api=4 type=1 insize=19253 outsize=3500 kw= pd= ok=1
Cmd: compileSnippet
  api=4 type=0 insize=19240 outsize=1314 kw= pd= ok=1
Cmd: compileSnippet
  api=4 type=1 insize=19240 outsize=1558 kw= pd= ok=1
Cmd: compileSnippet
  api=4 type=0 insize=19255 outsize=1314 kw= pd= ok=1
Cmd: compileSnippet
  api=4 type=1 insize=19255 outsize=1046 kw= pd= ok=1
Cmd: compileSnippet
  api=4 type=0 insize=19245 outsize=1314 kw= pd= ok=1
Cmd: compileSnippet
  api=4 type=1 insize=19245 outsize=1404 kw= pd= ok=1
Cmd: compileSnippet
  api=4 type=0 insize=19238 outsize=1314 kw= pd= ok=1
Cmd: compileSnippet
  api=4 type=1 insize=19238 outsize=859 kw= pd= ok=1
Cmd: compileSnippet
  api=4 type=0 insize=19245 outsize=1314 kw= pd= ok=1
Cmd: compileSnippet
  error: 1 plat 4 at (97): gradient-based operations must be moved out of flow control to prevent divergence. Performance may improve by using a non-gradient operation\nCompiling Fragment program
  error: 1 plat 4 at (200): gradient-based operations must be moved out of flow control to prevent divergence. Performance may improve by using a non-gradient operation\nCompiling Fragment program
  api=4 type=1 insize=19245 outsize=3858 kw= pd= ok=1
Cmd: compileSnippet
  api=4 type=0 insize=19253 outsize=1314 kw= pd= ok=1
Cmd: compileSnippet
  api=4 type=1 insize=19253 outsize=3760 kw= pd= ok=1
Cmd: compileSnippet
  api=4 type=0 insize=19263 outsize=2111 kw= pd= ok=1
Cmd: compileSnippet
  api=4 type=1 insize=19263 outsize=4670 kw= pd= ok=1
Cmd: compileSnippet
  api=4 type=0 insize=19241 outsize=1314 kw= pd= ok=1
Cmd: compileSnippet
  api=4 type=1 insize=19241 outsize=778 kw= pd= ok=1
Cmd: compileSnippet
  api=4 type=0 insize=19243 outsize=1314 kw= pd= ok=1
Cmd: compileSnippet
  api=4 type=1 insize=19243 outsize=2574 kw= pd= ok=1
Cmd: compileSnippet
  api=4 type=0 insize=19261 outsize=1314 kw= pd= ok=1
Cmd: compileSnippet
  api=4 type=1 insize=19261 outsize=664 kw= pd= ok=1
Cmd: preprocess
  insize=4106 outsize=553 ok=1
Cmd: compileSnippet
  api=4 type=0 insize=3754 outsize=1753 kw= pd= ok=1
Cmd: compileSnippet
  api=4 type=1 insize=3754 outsize=3305 kw= pd= ok=1
Cmd: compileSnippet
  api=4 type=0 insize=3766 outsize=1753 kw= pd= ok=1
Cmd: compileSnippet
  api=4 type=1 insize=3766 outsize=1794 kw= pd= ok=1
Cmd: compileSnippet
  api=4 type=0 insize=3757 outsize=1753 kw= pd= ok=1
Cmd: compileSnippet
  api=4 type=1 insize=3757 outsize=2395 kw= pd= ok=1
Cmd: preprocess
  insize=2274 outsize=1208 ok=1
Cmd: compileSnippet
  api=4 type=0 insize=1310 outsize=1924 kw= pd= ok=1
Cmd: compileSnippet
  api=4 type=1 insize=1310 outsize=1599 kw= pd= ok=1
Cmd: preprocess
  insize=1737 outsize=297 ok=1
Cmd: compileSnippet
  api=4 type=0 insize=1742 outsize=1729 kw= pd= ok=1
Cmd: compileSnippet
  api=4 type=1 insize=1742 outsize=4629 kw= pd= ok=1
Cmd: preprocess
  insize=1026 outsize=351 ok=1
Cmd: compileSnippet
  api=4 type=0 insize=977 outsize=1006 kw= pd= ok=1
Cmd: compileSnippet
  api=4 type=1 insize=977 outsize=1298 kw= pd= ok=1
Cmd: preprocess
  insize=1123 outsize=458 ok=1
Cmd: compileSnippet
  api=4 type=0 insize=940 outsize=1006 kw= pd= ok=1
Cmd: compileSnippet
  api=4 type=1 insize=940 outsize=965 kw= pd= ok=1
Cmd: compileSnippet
  api=4 type=0 insize=946 outsize=1006 kw= pd= ok=1
Cmd: compileSnippet
  api=4 type=1 insize=946 outsize=1022 kw= pd= ok=1
Cmd: preprocess
  insize=738 outsize=267 ok=1
Cmd: compileSnippet
  api=4 type=0 insize=771 outsize=1006 kw= pd= ok=1
Cmd: compileSnippet
  api=4 type=1 insize=771 outsize=835 kw= pd= ok=1
Cmd: preprocess
  insize=5837 outsize=873 ok=1
Cmd: compileSnippet
  api=4 type=0 insize=4927 outsize=1574 kw= pd= ok=1
Cmd: compileSnippet
  api=4 type=1 insize=4927 outsize=2151 kw= pd= ok=1
Cmd: compileSnippet
  api=4 type=0 insize=4929 outsize=1574 kw= pd= ok=1
Cmd: compileSnippet
  api=4 type=1 insize=4929 outsize=1656 kw= pd= ok=1
Cmd: compileSnippet
  api=4 type=0 insize=4933 outsize=1574 kw= pd= ok=1
Cmd: compileSnippet
  api=4 type=1 insize=4933 outsize=1818 kw= pd= ok=1
Cmd: compileSnippet
  api=4 type=0 insize=4942 outsize=1006 kw= pd= ok=1
Cmd: compileSnippet
  api=4 type=1 insize=4942 outsize=1054 kw= pd= ok=1
Cmd: compileSnippet
  api=4 type=0 insize=4923 outsize=1574 kw= pd= ok=1
Cmd: compileSnippet
  api=4 type=1 insize=4923 outsize=2151 kw= pd= ok=1
Cmd: preprocess
  insize=5846 outsize=801 ok=1
Cmd: compileSnippet
  api=4 type=0 insize=4813 outsize=1006 kw= pd= ok=1
Cmd: compileSnippet
  api=4 type=1 insize=4813 outsize=1201 kw= pd= ok=1
Cmd: compileSnippet
  api=4 type=0 insize=4817 outsize=2151 kw= pd= ok=1
Cmd: compileSnippet
  api=4 type=1 insize=4817 outsize=1851 kw= pd= ok=1
Cmd: compileSnippet
  api=4 type=0 insize=4827 outsize=2159 kw= pd= ok=1
Cmd: compileSnippet
  api=4 type=1 insize=4827 outsize=2753 kw= pd= ok=1
Cmd: compileSnippet
  api=4 type=0 insize=4822 outsize=2159 kw= pd= ok=1
Cmd: compileSnippet
  api=4 type=1 insize=4822 outsize=2419 kw= pd= ok=1
Cmd: compileSnippet
  api=4 type=0 insize=4828 outsize=1753 kw= pd= ok=1
Cmd: compileSnippet
  api=4 type=1 insize=4828 outsize=2371 kw= pd= ok=1
Cmd: preprocess
  insize=586 outsize=360 ok=1
Cmd: compileSnippet
  api=4 type=0 insize=528 outsize=1006 kw= pd= ok=1
Cmd: compileSnippet
  api=4 type=1 insize=528 outsize=1274 kw= pd= ok=1
Cmd: preprocess
  insize=32646 outsize=272 ok=1
Cmd: compileSnippet
  api=4 type=0 insize=32675 outsize=1006 kw= pd= ok=1
Cmd: compileSnippet
  api=4 type=1 insize=32675 outsize=10699 kw= pd= ok=1
Cmd: preprocess
  insize=5149 outsize=1741 ok=1
Cmd: compileSnippet
  api=4 type=0 insize=3712 outsize=1769 kw= pd= ok=1
Cmd: compileSnippet
  api=4 type=1 insize=3712 outsize=6961 kw= pd= ok=1
Cmd: preprocess
  insize=6801 outsize=255 ok=1
Cmd: compileSnippet
  api=4 type=0 insize=6848 outsize=1396 kw= pd= ok=1
Cmd: compileSnippet
  api=4 type=1 insize=6848 outsize=4434 kw= pd= ok=1
Cmd: preprocess
  insize=4528 outsize=555 ok=1
Cmd: compileSnippet
  api=4 type=0 insize=4182 outsize=2216 kw= pd= ok=1
Cmd: compileSnippet
  api=4 type=1 insize=4182 outsize=7043 kw= pd= ok=1
Cmd: compileSnippet
  api=4 type=0 insize=4186 outsize=2216 kw= pd= ok=1
Cmd: compileSnippet
  api=4 type=1 insize=4186 outsize=6108 kw= pd= ok=1
Cmd: preprocess
  insize=4925 outsize=1092 ok=1
Cmd: compileSnippet
  api=4 type=0 insize=3817 outsize=1314 kw= pd= ok=1
Cmd: compileSnippet
  api=4 type=1 insize=3817 outsize=1217 kw= pd= ok=1
Cmd: compileSnippet
  api=4 type=0 insize=3824 outsize=1249 kw= pd= ok=1
Cmd: compileSnippet
  api=4 type=1 insize=3824 outsize=1201 kw= pd= ok=1
Cmd: compileSnippet
  api=4 type=0 insize=3822 outsize=1314 kw= pd= ok=1
Cmd: compileSnippet
  api=4 type=1 insize=3822 outsize=1688 kw= pd= ok=1
Cmd: compileSnippet
  api=4 type=0 insize=3824 outsize=1314 kw= pd= ok=1
Cmd: compileSnippet
  api=4 type=1 insize=3824 outsize=1989 kw= pd= ok=1
Cmd: compileSnippet
  api=4 type=0 insize=3814 outsize=1314 kw= pd= ok=1
Cmd: compileSnippet
  api=4 type=1 insize=3814 outsize=989 kw= pd= ok=1
Cmd: preprocess
  insize=5752 outsize=1269 ok=1
Cmd: compileSnippet
  api=4 type=0 insize=4241 outsize=1444 kw= pd= ok=1
Cmd: compileSnippet
  api=4 type=1 insize=4241 outsize=3208 kw= pd= ok=1
Cmd: compileSnippet
  error: 1 plat 4 at (72): Output value 'vertApply' is not completely initialized\nCompiling Vertex program
  api=4 type=0 insize=3327 outsize=1201 kw= pd= ok=1
Cmd: compileSnippet
  api=4 type=1 insize=3327 outsize=1672 kw= pd= ok=1
Cmd: compileSnippet
  api=4 type=4 insize=3327 outsize=3606 kw= pd= ok=1
Cmd: compileSnippet
  error: 1 plat 4 at (72): Output value 'vertApply' is not completely initialized\nCompiling Vertex program
  api=4 type=0 insize=3327 outsize=1201 kw= pd= ok=1
Cmd: compileSnippet
  api=4 type=1 insize=3327 outsize=1672 kw= pd= ok=1
Cmd: compileSnippet
  api=4 type=4 insize=3327 outsize=3606 kw= pd= ok=1
Cmd: preprocess
  insize=778 outsize=304 ok=1
Cmd: compileSnippet
  api=4 type=0 insize=776 outsize=1006 kw= pd= ok=1
Cmd: compileSnippet
  api=4 type=1 insize=776 outsize=673 kw= pd= ok=1
Cmd: preprocess
  insize=721 outsize=317 ok=1
Cmd: compileSnippet
  api=4 type=0 insize=706 outsize=1006 kw= pd= ok=1
Cmd: compileSnippet
  api=4 type=1 insize=706 outsize=1404 kw= pd= ok=1
Cmd: preprocess
  insize=4076 outsize=684 ok=1
Cmd: compileSnippet
  api=4 type=0 insize=3418 outsize=1006 kw= pd= ok=1
Cmd: compileSnippet
  api=4 type=1 insize=3418 outsize=1274 kw= pd= ok=1
Cmd: compileSnippet
  api=4 type=0 insize=3425 outsize=2151 kw= pd= ok=1
Cmd: compileSnippet
  api=4 type=1 insize=3425 outsize=1851 kw= pd= ok=1
Cmd: compileSnippet
  api=4 type=0 insize=3434 outsize=2135 kw= pd= ok=1
Cmd: compileSnippet
  api=4 type=1 insize=3434 outsize=2208 kw= pd= ok=1
Cmd: compileSnippet
  api=4 type=0 insize=3429 outsize=2135 kw= pd= ok=1
Cmd: compileSnippet
  api=4 type=1 insize=3429 outsize=2419 kw= pd= ok=1
Cmd: preprocess
  insize=873 outsize=301 ok=1
Cmd: compileSnippet
  api=4 type=0 insize=877 outsize=1006 kw= pd= ok=1
Cmd: compileSnippet
  api=4 type=1 insize=877 outsize=1103 kw= pd= ok=1
Cmd: preprocess
  insize=1725 outsize=1007 ok=1
Cmd: compileSnippet
  api=4 type=0 insize=1020 outsize=1290 kw= pd= ok=1
Cmd: compileSnippet
  api=4 type=1 insize=1020 outsize=924 kw= pd= ok=1
Cmd: preprocess
  insize=1339 outsize=296 ok=1
Cmd: compileSnippet
  api=4 type=0 insize=1347 outsize=1574 kw= pd= ok=1
Cmd: compileSnippet
  api=4 type=1 insize=1347 outsize=1956 kw= pd= ok=1
Cmd: preprocess
  insize=2143 outsize=982 ok=1
Cmd: compileSnippet
  api=4 type=0 insize=905 outsize=1087 kw= pd= ok=1
Cmd: compileSnippet
  api=4 type=1 insize=905 outsize=754 kw= pd= ok=1
Cmd: compileSnippet
  api=4 type=0 insize=860 outsize=1087 kw= pd= ok=1
Cmd: compileSnippet
  api=4 type=1 insize=860 outsize=616 kw= pd= ok=1
Cmd: preprocess
  insize=5961 outsize=792 ok=1
Cmd: compileSnippet
  api=4 type=0 insize=5294 outsize=1014 kw= pd= ok=1
Cmd: compileSnippet
  api=4 type=1 insize=5294 outsize=1956 kw= pd= ok=1
Cmd: compileSnippet
  api=4 type=0 insize=5299 outsize=1014 kw= pd= ok=1
Cmd: compileSnippet
  api=4 type=1 insize=5299 outsize=1696 kw= pd= ok=1
Cmd: compileSnippet
  api=4 type=0 insize=5309 outsize=1014 kw= pd= ok=1
Cmd: compileSnippet
  error: 1 plat 4 at (161): integer divides may be much slower, try using uints if possible.\nCompiling Fragment program
  api=4 type=1 insize=5309 outsize=6937 kw= pd= ok=1
Cmd: preprocess
  insize=1080 outsize=489 ok=1
Cmd: compileSnippet
  api=4 type=0 insize=893 outsize=1144 kw= pd= ok=1
Cmd: compileSnippet
  api=4 type=1 insize=893 outsize=1038 kw= pd= ok=1
Cmd: preprocess
  insize=1213 outsize=389 ok=1
Cmd: compileSnippet
  api=4 type=0 insize=1129 outsize=1249 kw= pd= ok=1
Cmd: compileSnippet
  api=4 type=1 insize=1129 outsize=1201 kw= pd= ok=1
Cmd: preprocess
  insize=574 outsize=259 ok=1
Cmd: compileSnippet
  api=4 type=0 insize=617 outsize=843 kw= pd= ok=1
Cmd: compileSnippet
  api=4 type=1 insize=617 outsize=453 kw= pd= ok=1
Cmd: preprocess
  insize=724 outsize=315 ok=1
Cmd: compileSnippet
  api=4 type=0 insize=714 outsize=1006 kw= pd= ok=1
Cmd: compileSnippet
  api=4 type=1 insize=714 outsize=729 kw= pd= ok=1
Cmd: preprocess
  insize=1727 outsize=682 ok=1
Cmd: compileSnippet
  api=4 type=0 insize=1346 outsize=1542 kw= pd= ok=1
Cmd: compileSnippet
  api=4 type=1 insize=1346 outsize=1258 kw= pd= ok=1
Cmd: compileSnippet
  api=4 type=0 insize=541 outsize=3533 kw=SHADOWS_DEPTH pd= ok=1
Cmd: compileSnippet
  api=4 type=1 insize=541 outsize=453 kw=SHADOWS_DEPTH pd= ok=1
Cmd: compileSnippet
  api=4 type=0 insize=7407 outsize=4093 kw=DIRECTIONAL SHADOWS_OFF LIGHTMAP_OFF DIRLIGHTMAP_OFF DYNAMICLIGHTMAP_OFF pd= ok=1
Cmd: compileSnippet
  api=4 type=1 insize=7407 outsize=1656 kw=DIRECTIONAL SHADOWS_OFF LIGHTMAP_OFF DIRLIGHTMAP_OFF DYNAMICLIGHTMAP_OFF pd= ok=1
Cmd: compileSnippet
  api=4 type=0 insize=3946 outsize=2753 kw=DIRECTIONAL pd= ok=1
Cmd: compileSnippet
  api=4 type=1 insize=3946 outsize=1168 kw=DIRECTIONAL pd= ok=1
Cmd: compileSnippet
  api=4 type=0 insize=6924 outsize=3663 kw=DIRECTIONAL SHADOWS_OFF LIGHTMAP_OFF DIRLIGHTMAP_OFF DYNAMICLIGHTMAP_OFF pd= ok=1
Cmd: compileSnippet
  api=4 type=1 insize=6924 outsize=1314 kw=DIRECTIONAL SHADOWS_OFF LIGHTMAP_OFF DIRLIGHTMAP_OFF DYNAMICLIGHTMAP_OFF pd= ok=1
Cmd: compileSnippet
  api=4 type=0 insize=3695 outsize=2753 kw=DIRECTIONAL pd= ok=1
Cmd: compileSnippet
  api=4 type=1 insize=3695 outsize=1168 kw=DIRECTIONAL pd= ok=1
Cmd: compileSnippet
  api=4 type=0 insize=7139 outsize=3663 kw=DIRECTIONAL SHADOWS_OFF LIGHTMAP_OFF DIRLIGHTMAP_OFF DYNAMICLIGHTMAP_OFF pd= ok=1
Cmd: compileSnippet
  api=4 type=1 insize=7139 outsize=2298 kw=DIRECTIONAL SHADOWS_OFF LIGHTMAP_OFF DIRLIGHTMAP_OFF DYNAMICLIGHTMAP_OFF pd= ok=1
Cmd: compileSnippet
  api=4 type=0 insize=3868 outsize=2753 kw=DIRECTIONAL pd= ok=1
Cmd: compileSnippet
  api=4 type=1 insize=3868 outsize=2151 kw=DIRECTIONAL pd= ok=1
Cmd: compileSnippet
  api=4 type=0 insize=1705 outsize=1290 kw=SOFTPARTICLES_OFF pd= ok=1
Cmd: compileSnippet
  api=4 type=1 insize=1705 outsize=924 kw=SOFTPARTICLES_OFF pd= ok=1
Cmd: compileSnippet
  api=4 type=0 insize=7301 outsize=3752 kw=DIRECTIONAL SHADOWS_OFF LIGHTMAP_OFF DIRLIGHTMAP_OFF DYNAMICLIGHTMAP_OFF pd= ok=1
Cmd: compileSnippet
  api=4 type=1 insize=7301 outsize=1518 kw=DIRECTIONAL SHADOWS_OFF LIGHTMAP_OFF DIRLIGHTMAP_OFF DYNAMICLIGHTMAP_OFF pd= ok=1
Cmd: compileSnippet
  api=4 type=0 insize=3915 outsize=2753 kw=DIRECTIONAL pd= ok=1
Cmd: compileSnippet
  api=4 type=1 insize=3915 outsize=1168 kw=DIRECTIONAL pd= ok=1
Cmd: compileSnippet
  api=4 type=0 insize=7400 outsize=4938 kw=DIRECTIONAL SHADOWS_OFF LIGHTMAP_OFF DIRLIGHTMAP_OFF DYNAMICLIGHTMAP_OFF pd= ok=1
Cmd: compileSnippet
  api=4 type=1 insize=7400 outsize=2054 kw=DIRECTIONAL SHADOWS_OFF LIGHTMAP_OFF DIRLIGHTMAP_OFF DYNAMICLIGHTMAP_OFF pd= ok=1
Cmd: compileSnippet
  api=4 type=0 insize=4837 outsize=4020 kw=DIRECTIONAL pd= ok=1
Cmd: compileSnippet
  api=4 type=1 insize=4837 outsize=1956 kw=DIRECTIONAL pd= ok=1
Cmd: compileSnippet
  api=4 type=0 insize=1706 outsize=1290 kw=SOFTPARTICLES_OFF pd= ok=1
Cmd: compileSnippet
  api=4 type=1 insize=1706 outsize=868 kw=SOFTPARTICLES_OFF pd= ok=1
Cmd: compileSnippet
  api=4 type=0 insize=797 outsize=3776 kw=SHADOWS_DEPTH pd= ok=1
Cmd: compileSnippet
  api=4 type=1 insize=797 outsize=908 kw=SHADOWS_DEPTH pd= ok=1
Cmd: compileSnippet
  api=4 type=0 insize=6976 outsize=3663 kw=DIRECTIONAL SHADOWS_OFF LIGHTMAP_OFF DIRLIGHTMAP_OFF DYNAMICLIGHTMAP_OFF pd= ok=1
Cmd: compileSnippet
  api=4 type=1 insize=6976 outsize=1493 kw=DIRECTIONAL SHADOWS_OFF LIGHTMAP_OFF DIRLIGHTMAP_OFF DYNAMICLIGHTMAP_OFF pd= ok=1
Cmd: compileSnippet
  api=4 type=0 insize=3734 outsize=2753 kw=DIRECTIONAL pd= ok=1
Cmd: compileSnippet
  api=4 type=1 insize=3734 outsize=1347 kw=DIRECTIONAL pd= ok=1
Cmd: compileSnippet
  api=4 type=0 insize=7890 outsize=4946 kw=DIRECTIONAL SHADOWS_OFF LIGHTMAP_OFF DIRLIGHTMAP_OFF DYNAMICLIGHTMAP_OFF pd= ok=1
Cmd: compileSnippet
  api=4 type=1 insize=7890 outsize=2671 kw=DIRECTIONAL SHADOWS_OFF LIGHTMAP_OFF DIRLIGHTMAP_OFF DYNAMICLIGHTMAP_OFF pd= ok=1
Cmd: compileSnippet
  api=4 type=0 insize=5108 outsize=4020 kw=DIRECTIONAL pd= ok=1
Cmd: compileSnippet
  api=4 type=1 insize=5108 outsize=1956 kw=DIRECTIONAL pd= ok=1
Cmd: compileSnippet
  api=4 type=0 insize=1738 outsize=1290 kw=SOFTPARTICLES_OFF pd= ok=1
Cmd: compileSnippet
  api=4 type=1 insize=1738 outsize=965 kw=SOFTPARTICLES_OFF pd= ok=1
Cmd: compileSnippet
  api=4 type=0 insize=1642 outsize=1290 kw=SOFTPARTICLES_OFF pd= ok=1
Cmd: compileSnippet
  api=4 type=1 insize=1642 outsize=924 kw=SOFTPARTICLES_OFF pd= ok=1
Cmd: compileSnippet
  api=4 type=0 insize=1482 outsize=1290 kw=SOFTPARTICLES_OFF pd= ok=1
Cmd: compileSnippet
  api=4 type=1 insize=1482 outsize=827 kw=SOFTPARTICLES_OFF pd= ok=1
Cmd: compileSnippet
  api=4 type=0 insize=6845 outsize=3663 kw=DIRECTIONAL LIGHTMAP_OFF DIRLIGHTMAP_OFF DYNAMICLIGHTMAP_OFF pd= ok=1
Cmd: compileSnippet
  api=4 type=1 insize=6845 outsize=1314 kw=DIRECTIONAL LIGHTMAP_OFF DIRLIGHTMAP_OFF DYNAMICLIGHTMAP_OFF pd= ok=1
Cmd: compileSnippet
  api=4 type=0 insize=3617 outsize=2753 kw=DIRECTIONAL pd= ok=1
Cmd: compileSnippet
  api=4 type=1 insize=3617 outsize=1168 kw=DIRECTIONAL pd= ok=1
Cmd: compileSnippet
  api=4 type=0 insize=966 outsize=1290 kw= pd= ok=1
Cmd: compileSnippet
  api=4 type=1 insize=966 outsize=811 kw= pd= ok=1
Cmd: compileSnippet
  api=4 type=0 insize=7972 outsize=4784 kw=DIRECTIONAL LIGHTMAP_OFF DIRLIGHTMAP_OFF DYNAMICLIGHTMAP_OFF pd= ok=1
Cmd: compileSnippet
  api=4 type=1 insize=7972 outsize=4361 kw=DIRECTIONAL LIGHTMAP_OFF DIRLIGHTMAP_OFF DYNAMICLIGHTMAP_OFF pd= ok=1
Cmd: compileSnippet
  api=4 type=0 insize=5368 outsize=4020 kw=DIRECTIONAL pd= ok=1
Cmd: compileSnippet
  api=4 type=1 insize=5368 outsize=3793 kw=DIRECTIONAL pd= ok=1
Cmd: compileSnippet
  api=4 type=0 insize=1811 outsize=1290 kw=SOFTPARTICLES_OFF pd= ok=1
Cmd: compileSnippet
  api=4 type=1 insize=1811 outsize=1111 kw=SOFTPARTICLES_OFF pd= ok=1
Cmd: compileSnippet
  api=4 type=0 insize=7666 outsize=4784 kw=DIRECTIONAL SHADOWS_OFF LIGHTMAP_OFF DIRLIGHTMAP_OFF DYNAMICLIGHTMAP_OFF pd= ok=1
Cmd: compileSnippet
  api=4 type=1 insize=7666 outsize=3476 kw=DIRECTIONAL SHADOWS_OFF LIGHTMAP_OFF DIRLIGHTMAP_OFF DYNAMICLIGHTMAP_OFF pd= ok=1
Cmd: compileSnippet
  api=4 type=0 insize=5061 outsize=4020 kw=DIRECTIONAL pd= ok=1
Cmd: compileSnippet
  api=4 type=1 insize=5061 outsize=2907 kw=DIRECTIONAL pd= ok=1
Cmd: compileSnippet
  api=4 type=0 insize=1333 outsize=1404 kw= pd= ok=1
Cmd: compileSnippet
  api=4 type=1 insize=1333 outsize=1168 kw= pd= ok=1
Cmd: compileSnippet
  api=4 type=0 insize=1329 outsize=1404 kw= pd= ok=1
Cmd: compileSnippet
  api=4 type=1 insize=1329 outsize=1168 kw= pd= ok=1
Cmd: compileSnippet
  api=4 type=0 insize=1329 outsize=1404 kw= pd= ok=1
Cmd: compileSnippet
  api=4 type=1 insize=1329 outsize=1168 kw= pd= ok=1
Cmd: compileSnippet
  api=4 type=0 insize=1333 outsize=1404 kw= pd= ok=1
Cmd: compileSnippet
  api=4 type=1 insize=1333 outsize=1168 kw= pd= ok=1
Cmd: compileSnippet
  api=4 type=0 insize=1321 outsize=1404 kw= pd= ok=1
Cmd: compileSnippet
  api=4 type=1 insize=1321 outsize=1168 kw= pd= ok=1
Cmd: compileSnippet
  api=4 type=0 insize=1331 outsize=1404 kw= pd= ok=1
Cmd: compileSnippet
  api=4 type=1 insize=1331 outsize=1168 kw= pd= ok=1
Cmd: compileSnippet
  api=4 type=0 insize=1004 outsize=4629 kw=SHADOWS_DEPTH pd= ok=1
Cmd: compileSnippet
  api=4 type=1 insize=1004 outsize=884 kw=SHADOWS_DEPTH pd= ok=1
Cmd: compileSnippet
  api=4 type=0 insize=631 outsize=4264 kw= pd= ok=1
Cmd: compileSnippet
  api=4 type=1 insize=631 outsize=989 kw= pd= ok=1
Cmd: compileSnippet
  api=4 type=0 insize=751 outsize=3533 kw=SHADOWS_DEPTH pd= ok=1
Cmd: compileSnippet
  api=4 type=1 insize=751 outsize=380 kw=SHADOWS_DEPTH pd= ok=1
Cmd: compileSnippet
  api=4 type=0 insize=982 outsize=3979 kw=DIRECTIONAL SHADOWS_OFF LIGHTMAP_OFF DIRLIGHTMAP_OFF DYNAMICLIGHTMAP_OFF pd= ok=1
Cmd: compileSnippet
  api=4 type=1 insize=982 outsize=10618 kw=DIRECTIONAL SHADOWS_OFF LIGHTMAP_OFF DIRLIGHTMAP_OFF DYNAMICLIGHTMAP_OFF pd= ok=1
Cmd: compileSnippet
  api=4 type=0 insize=938 outsize=4101 kw=DIRECTIONAL SHADOWS_OFF pd= ok=1
Cmd: compileSnippet
  api=4 type=1 insize=938 outsize=5515 kw=DIRECTIONAL SHADOWS_OFF pd= ok=1
Cmd: compileSnippet
  api=4 type=0 insize=13030 outsize=11024 kw=UNITY_COLORSPACE_GAMMA _SUNDISK_SIMPLE pd= ok=1
Cmd: compileSnippet
  api=4 type=1 insize=13030 outsize=1899 kw=UNITY_COLORSPACE_GAMMA _SUNDISK_SIMPLE pd= ok=1
Cmd: compileSnippet
  api=4 type=0 insize=6924 outsize=5117 kw=DIRECTIONAL SHADOWS_OFF LIGHTMAP_OFF DIRLIGHTMAP_OFF DYNAMICLIGHTMAP_OFF VERTEXLIGHT_ON pd= ok=1
Cmd: compileSnippet
  api=4 type=0 insize=3695 outsize=2753 kw=POINT pd= ok=1
Cmd: compileSnippet
  api=4 type=1 insize=3695 outsize=1948 kw=POINT pd= ok=1
Cmd: compileSnippet
  api=4 type=0 insize=3915 outsize=2753 kw=POINT pd= ok=1
Cmd: compileSnippet
  api=4 type=1 insize=3915 outsize=1948 kw=POINT pd= ok=1
Cmd: compileSnippet
  api=4 type=0 insize=5108 outsize=4020 kw=POINT pd= ok=1
Cmd: compileSnippet
  api=4 type=1 insize=5108 outsize=2736 kw=POINT pd= ok=1
Cmd: compileSnippet
  api=4 type=0 insize=5368 outsize=4020 kw=POINT pd= ok=1
Cmd: compileSnippet
  api=4 type=1 insize=5368 outsize=4532 kw=POINT pd= ok=1
